----------

Fri Feb 19 2021 09:33:28 GMT+0100 (Central European Standard Time)

To github.com:ecom-moce/ecom-moce.github.io.git
 * [new branch]      main -> main


----------

Fri Feb 19 2021 09:34:05 GMT+0100 (Central European Standard Time)

To github.com:ecom-moce/ecom-moce.github.io.git
   9d8ff21..d6816ee  main -> main


----------

Fri Feb 19 2021 09:34:16 GMT+0100 (Central European Standard Time)

To github.com:ecom-moce/ecom-moce.github.io.git
   d6816ee..6dd0ad6  main -> main


----------

Fri Feb 19 2021 09:34:30 GMT+0100 (Central European Standard Time)

To github.com:ecom-moce/ecom-moce.github.io.git
   6dd0ad6..0c5e1e1  main -> main


----------

Fri Feb 19 2021 09:34:46 GMT+0100 (Central European Standard Time)

To github.com:ecom-moce/ecom-moce.github.io.git
   0c5e1e1..e663fbb  main -> main


----------

Fri Feb 19 2021 09:35:10 GMT+0100 (Central European Standard Time)

To github.com:ecom-moce/ecom-moce.github.io.git
   e663fbb..5940c22  main -> main


----------

Fri Feb 19 2021 09:35:22 GMT+0100 (Central European Standard Time)

To github.com:ecom-moce/ecom-moce.github.io.git
   5940c22..c40f72d  main -> main


